Determining if the system is big endian passed with the following output:
Change Dir: /home/saisrini/Downloads/allegro-5.0.10/build/CMakeFiles/CMakeTmp

Run Build Command:/usr/bin/make "cmTryCompileExec3298176955/fast"
/usr/bin/make -f CMakeFiles/cmTryCompileExec3298176955.dir/build.make CMakeFiles/cmTryCompileExec3298176955.dir/build
make[1]: Entering directory `/home/saisrini/Downloads/allegro-5.0.10/build/CMakeFiles/CMakeTmp'
/usr/bin/cmake -E cmake_progress_report /home/saisrini/Downloads/allegro-5.0.10/build/CMakeFiles/CMakeTmp/CMakeFiles 1
Building C object CMakeFiles/cmTryCompileExec3298176955.dir/TestEndianess.c.o
/usr/bin/cc   -msse -W -Wall     -o CMakeFiles/cmTryCompileExec3298176955.dir/TestEndianess.c.o   -c /home/saisrini/Downloads/allegro-5.0.10/build/CMakeFiles/CMakeTmp/TestEndianess.c
Linking C executable cmTryCompileExec3298176955
/usr/bin/cmake -E cmake_link_script CMakeFiles/cmTryCompileExec3298176955.dir/link.txt --verbose=1
/usr/bin/cc   -msse -W -Wall      CMakeFiles/cmTryCompileExec3298176955.dir/TestEndianess.c.o  -o cmTryCompileExec3298176955 -rdynamic 
make[1]: Leaving directory `/home/saisrini/Downloads/allegro-5.0.10/build/CMakeFiles/CMakeTmp'

TestEndianess.c:
/* A 16 bit integer is required. */
typedef unsigned short cmakeint16;

/* On a little endian machine, these 16bit ints will give "THIS IS LITTLE ENDIAN."
   On a big endian machine the characters will be exchanged pairwise. */
const cmakeint16 info_little[] =  {0x4854, 0x5349, 0x4920, 0x2053, 0x494c, 0x5454, 0x454c, 0x4520, 0x444e, 0x4149, 0x2e4e, 0x0000};

/* on a big endian machine, these 16bit ints will give "THIS IS BIG ENDIAN."
   On a little endian machine the characters will be exchanged pairwise. */
const cmakeint16 info_big[] =     {0x5448, 0x4953, 0x2049, 0x5320, 0x4249, 0x4720, 0x454e, 0x4449, 0x414e, 0x2e2e, 0x0000};

#ifdef __CLASSIC_C__
int main(argc, argv) int argc; char *argv[];
#else
int main(int argc, char *argv[])
#endif
{
  int require = 0;
  require += info_little[argc];
  require += info_big[argc];
  (void)argv;
  return require;
}


Determining if files soundcard.h exist failed with the following output:
Change Dir: /home/saisrini/Downloads/allegro-5.0.10/build/CMakeFiles/CMakeTmp

Run Build Command:/usr/bin/make "cmTryCompileExec3646350582/fast"
/usr/bin/make -f CMakeFiles/cmTryCompileExec3646350582.dir/build.make CMakeFiles/cmTryCompileExec3646350582.dir/build
make[1]: Entering directory `/home/saisrini/Downloads/allegro-5.0.10/build/CMakeFiles/CMakeTmp'
/usr/bin/cmake -E cmake_progress_report /home/saisrini/Downloads/allegro-5.0.10/build/CMakeFiles/CMakeTmp/CMakeFiles 1
Building C object CMakeFiles/cmTryCompileExec3646350582.dir/CheckIncludeFiles.c.o
/usr/bin/cc   -msse -W -Wall     -o CMakeFiles/cmTryCompileExec3646350582.dir/CheckIncludeFiles.c.o   -c /home/saisrini/Downloads/allegro-5.0.10/build/CMakeFiles/CMakeTmp/CheckIncludeFiles.c
/home/saisrini/Downloads/allegro-5.0.10/build/CMakeFiles/CMakeTmp/CheckIncludeFiles.c:2:23: fatal error: soundcard.h: No such file or directory
 #include <soundcard.h>
                       ^
compilation terminated.
make[1]: *** [CMakeFiles/cmTryCompileExec3646350582.dir/CheckIncludeFiles.c.o] Error 1
make[1]: Leaving directory `/home/saisrini/Downloads/allegro-5.0.10/build/CMakeFiles/CMakeTmp'
make: *** [cmTryCompileExec3646350582/fast] Error 2

Source:
/* */
#include <soundcard.h>


int main(){return 0;}

Determining if files machine/soundcard.h exist failed with the following output:
Change Dir: /home/saisrini/Downloads/allegro-5.0.10/build/CMakeFiles/CMakeTmp

Run Build Command:/usr/bin/make "cmTryCompileExec4235496986/fast"
/usr/bin/make -f CMakeFiles/cmTryCompileExec4235496986.dir/build.make CMakeFiles/cmTryCompileExec4235496986.dir/build
make[1]: Entering directory `/home/saisrini/Downloads/allegro-5.0.10/build/CMakeFiles/CMakeTmp'
/usr/bin/cmake -E cmake_progress_report /home/saisrini/Downloads/allegro-5.0.10/build/CMakeFiles/CMakeTmp/CMakeFiles 1
Building C object CMakeFiles/cmTryCompileExec4235496986.dir/CheckIncludeFiles.c.o
/usr/bin/cc   -msse -W -Wall     -o CMakeFiles/cmTryCompileExec4235496986.dir/CheckIncludeFiles.c.o   -c /home/saisrini/Downloads/allegro-5.0.10/build/CMakeFiles/CMakeTmp/CheckIncludeFiles.c
/home/saisrini/Downloads/allegro-5.0.10/build/CMakeFiles/CMakeTmp/CheckIncludeFiles.c:2:31: fatal error: machine/soundcard.h: No such file or directory
 #include <machine/soundcard.h>
                               ^
compilation terminated.
make[1]: *** [CMakeFiles/cmTryCompileExec4235496986.dir/CheckIncludeFiles.c.o] Error 1
make[1]: Leaving directory `/home/saisrini/Downloads/allegro-5.0.10/build/CMakeFiles/CMakeTmp'
make: *** [cmTryCompileExec4235496986/fast] Error 2

Source:
/* */
#include <machine/soundcard.h>


int main(){return 0;}

Determining if files libkern/OSAtomic.h exist failed with the following output:
Change Dir: /home/saisrini/Downloads/allegro-5.0.10/build/CMakeFiles/CMakeTmp

Run Build Command:/usr/bin/make "cmTryCompileExec1746520411/fast"
/usr/bin/make -f CMakeFiles/cmTryCompileExec1746520411.dir/build.make CMakeFiles/cmTryCompileExec1746520411.dir/build
make[1]: Entering directory `/home/saisrini/Downloads/allegro-5.0.10/build/CMakeFiles/CMakeTmp'
/usr/bin/cmake -E cmake_progress_report /home/saisrini/Downloads/allegro-5.0.10/build/CMakeFiles/CMakeTmp/CMakeFiles 1
Building C object CMakeFiles/cmTryCompileExec1746520411.dir/CheckIncludeFiles.c.o
/usr/bin/cc   -msse -W -Wall     -o CMakeFiles/cmTryCompileExec1746520411.dir/CheckIncludeFiles.c.o   -c /home/saisrini/Downloads/allegro-5.0.10/build/CMakeFiles/CMakeTmp/CheckIncludeFiles.c
/home/saisrini/Downloads/allegro-5.0.10/build/CMakeFiles/CMakeTmp/CheckIncludeFiles.c:2:30: fatal error: libkern/OSAtomic.h: No such file or directory
 #include <libkern/OSAtomic.h>
                              ^
compilation terminated.
make[1]: *** [CMakeFiles/cmTryCompileExec1746520411.dir/CheckIncludeFiles.c.o] Error 1
make[1]: Leaving directory `/home/saisrini/Downloads/allegro-5.0.10/build/CMakeFiles/CMakeTmp'
make: *** [cmTryCompileExec1746520411/fast] Error 2

Source:
/* */
#include <libkern/OSAtomic.h>


int main(){return 0;}

Determining if the function getexecname exists failed with the following output:
Change Dir: /home/saisrini/Downloads/allegro-5.0.10/build/CMakeFiles/CMakeTmp

Run Build Command:/usr/bin/make "cmTryCompileExec3883061062/fast"
/usr/bin/make -f CMakeFiles/cmTryCompileExec3883061062.dir/build.make CMakeFiles/cmTryCompileExec3883061062.dir/build
make[1]: Entering directory `/home/saisrini/Downloads/allegro-5.0.10/build/CMakeFiles/CMakeTmp'
/usr/bin/cmake -E cmake_progress_report /home/saisrini/Downloads/allegro-5.0.10/build/CMakeFiles/CMakeTmp/CMakeFiles 1
Building C object CMakeFiles/cmTryCompileExec3883061062.dir/CheckFunctionExists.c.o
/usr/bin/cc   -msse -W -Wall  -DCHECK_FUNCTION_EXISTS=getexecname   -o CMakeFiles/cmTryCompileExec3883061062.dir/CheckFunctionExists.c.o   -c /usr/share/cmake-2.8/Modules/CheckFunctionExists.c
Linking C executable cmTryCompileExec3883061062
/usr/bin/cmake -E cmake_link_script CMakeFiles/cmTryCompileExec3883061062.dir/link.txt --verbose=1
/usr/bin/cc   -msse -W -Wall  -DCHECK_FUNCTION_EXISTS=getexecname    CMakeFiles/cmTryCompileExec3883061062.dir/CheckFunctionExists.c.o  -o cmTryCompileExec3883061062 -rdynamic 
CMakeFiles/cmTryCompileExec3883061062.dir/CheckFunctionExists.c.o: In function `main':
CheckFunctionExists.c:(.text+0x15): undefined reference to `getexecname'
collect2: error: ld returned 1 exit status
make[1]: *** [cmTryCompileExec3883061062] Error 1
make[1]: Leaving directory `/home/saisrini/Downloads/allegro-5.0.10/build/CMakeFiles/CMakeTmp'
make: *** [cmTryCompileExec3883061062/fast] Error 2


Performing C SOURCE FILE Test ALLEGRO_HAVE_PROCFS_ARGCV failed with the following output:
Change Dir: /home/saisrini/Downloads/allegro-5.0.10/build/CMakeFiles/CMakeTmp

Run Build Command:/usr/bin/make "cmTryCompileExec4111001206/fast"
/usr/bin/make -f CMakeFiles/cmTryCompileExec4111001206.dir/build.make CMakeFiles/cmTryCompileExec4111001206.dir/build
make[1]: Entering directory `/home/saisrini/Downloads/allegro-5.0.10/build/CMakeFiles/CMakeTmp'
/usr/bin/cmake -E cmake_progress_report /home/saisrini/Downloads/allegro-5.0.10/build/CMakeFiles/CMakeTmp/CMakeFiles 1
Building C object CMakeFiles/cmTryCompileExec4111001206.dir/src.c.o
/usr/bin/cc   -msse -W -Wall  -DALLEGRO_HAVE_PROCFS_ARGCV   -o CMakeFiles/cmTryCompileExec4111001206.dir/src.c.o   -c /home/saisrini/Downloads/allegro-5.0.10/build/CMakeFiles/CMakeTmp/src.c
/home/saisrini/Downloads/allegro-5.0.10/build/CMakeFiles/CMakeTmp/src.c: In function ‘main’:
/home/saisrini/Downloads/allegro-5.0.10/build/CMakeFiles/CMakeTmp/src.c:4:25: error: storage size of ‘psinfo’ isn’t known
         struct prpsinfo psinfo;
                         ^
/home/saisrini/Downloads/allegro-5.0.10/build/CMakeFiles/CMakeTmp/src.c:4:25: warning: unused variable ‘psinfo’ [-Wunused-variable]
make[1]: *** [CMakeFiles/cmTryCompileExec4111001206.dir/src.c.o] Error 1
make[1]: Leaving directory `/home/saisrini/Downloads/allegro-5.0.10/build/CMakeFiles/CMakeTmp'
make: *** [cmTryCompileExec4111001206/fast] Error 2

Source file was:

    #include <sys/procfs.h>
    int main(void) {
        struct prpsinfo psinfo;
        psinfo.pr_argc = 0;
        return 0;
    }
Performing C SOURCE FILE Test ALLEGRO_HAVE_SV_PROCFS_H failed with the following output:
Change Dir: /home/saisrini/Downloads/allegro-5.0.10/build/CMakeFiles/CMakeTmp

Run Build Command:/usr/bin/make "cmTryCompileExec126877124/fast"
/usr/bin/make -f CMakeFiles/cmTryCompileExec126877124.dir/build.make CMakeFiles/cmTryCompileExec126877124.dir/build
make[1]: Entering directory `/home/saisrini/Downloads/allegro-5.0.10/build/CMakeFiles/CMakeTmp'
/usr/bin/cmake -E cmake_progress_report /home/saisrini/Downloads/allegro-5.0.10/build/CMakeFiles/CMakeTmp/CMakeFiles 1
Building C object CMakeFiles/cmTryCompileExec126877124.dir/src.c.o
/usr/bin/cc   -msse -W -Wall  -DALLEGRO_HAVE_SV_PROCFS_H   -o CMakeFiles/cmTryCompileExec126877124.dir/src.c.o   -c /home/saisrini/Downloads/allegro-5.0.10/build/CMakeFiles/CMakeTmp/src.c
/home/saisrini/Downloads/allegro-5.0.10/build/CMakeFiles/CMakeTmp/src.c: In function ‘main’:
/home/saisrini/Downloads/allegro-5.0.10/build/CMakeFiles/CMakeTmp/src.c:5:25: error: storage size of ‘psinfo’ isn’t known
         struct prpsinfo psinfo;
                         ^
/home/saisrini/Downloads/allegro-5.0.10/build/CMakeFiles/CMakeTmp/src.c:6:18: error: ‘PIOCPSINFO’ undeclared (first use in this function)
         ioctl(0, PIOCPSINFO, &psinfo);
                  ^
/home/saisrini/Downloads/allegro-5.0.10/build/CMakeFiles/CMakeTmp/src.c:6:18: note: each undeclared identifier is reported only once for each function it appears in
/home/saisrini/Downloads/allegro-5.0.10/build/CMakeFiles/CMakeTmp/src.c:5:25: warning: unused variable ‘psinfo’ [-Wunused-variable]
         struct prpsinfo psinfo;
                         ^
make[1]: *** [CMakeFiles/cmTryCompileExec126877124.dir/src.c.o] Error 1
make[1]: Leaving directory `/home/saisrini/Downloads/allegro-5.0.10/build/CMakeFiles/CMakeTmp'
make: *** [cmTryCompileExec126877124/fast] Error 2

Source file was:

    #include <sys/procfs.h>
    #include <sys/ioctl.h>
    int main(void) {
        struct prpsinfo psinfo;
        ioctl(0, PIOCPSINFO, &psinfo);
        return 0;
    }
Determining if the pthread_create exist failed with the following output:
Change Dir: /home/saisrini/Downloads/allegro-5.0.10/build/CMakeFiles/CMakeTmp

Run Build Command:/usr/bin/make "cmTryCompileExec4274014297/fast"
/usr/bin/make -f CMakeFiles/cmTryCompileExec4274014297.dir/build.make CMakeFiles/cmTryCompileExec4274014297.dir/build
make[1]: Entering directory `/home/saisrini/Downloads/allegro-5.0.10/build/CMakeFiles/CMakeTmp'
/usr/bin/cmake -E cmake_progress_report /home/saisrini/Downloads/allegro-5.0.10/build/CMakeFiles/CMakeTmp/CMakeFiles 1
Building C object CMakeFiles/cmTryCompileExec4274014297.dir/CheckSymbolExists.c.o
/usr/bin/cc   -msse -W -Wall     -o CMakeFiles/cmTryCompileExec4274014297.dir/CheckSymbolExists.c.o   -c /home/saisrini/Downloads/allegro-5.0.10/build/CMakeFiles/CMakeTmp/CheckSymbolExists.c
Linking C executable cmTryCompileExec4274014297
/usr/bin/cmake -E cmake_link_script CMakeFiles/cmTryCompileExec4274014297.dir/link.txt --verbose=1
/usr/bin/cc   -msse -W -Wall      CMakeFiles/cmTryCompileExec4274014297.dir/CheckSymbolExists.c.o  -o cmTryCompileExec4274014297 -rdynamic 
CMakeFiles/cmTryCompileExec4274014297.dir/CheckSymbolExists.c.o: In function `main':
CheckSymbolExists.c:(.text+0x16): undefined reference to `pthread_create'
collect2: error: ld returned 1 exit status
make[1]: *** [cmTryCompileExec4274014297] Error 1
make[1]: Leaving directory `/home/saisrini/Downloads/allegro-5.0.10/build/CMakeFiles/CMakeTmp'
make: *** [cmTryCompileExec4274014297/fast] Error 2

File /home/saisrini/Downloads/allegro-5.0.10/build/CMakeFiles/CMakeTmp/CheckSymbolExists.c:
/* */
#include <pthread.h>

int main(int argc, char** argv)
{
  (void)argv;
#ifndef pthread_create
  return ((int*)(&pthread_create))[argc];
#else
  (void)argc;
  return 0;
#endif
}

Determining if the function pthread_create exists in the pthreads failed with the following output:
Change Dir: /home/saisrini/Downloads/allegro-5.0.10/build/CMakeFiles/CMakeTmp

Run Build Command:/usr/bin/make "cmTryCompileExec733547492/fast"
/usr/bin/make -f CMakeFiles/cmTryCompileExec733547492.dir/build.make CMakeFiles/cmTryCompileExec733547492.dir/build
make[1]: Entering directory `/home/saisrini/Downloads/allegro-5.0.10/build/CMakeFiles/CMakeTmp'
/usr/bin/cmake -E cmake_progress_report /home/saisrini/Downloads/allegro-5.0.10/build/CMakeFiles/CMakeTmp/CMakeFiles 1
Building C object CMakeFiles/cmTryCompileExec733547492.dir/CheckFunctionExists.c.o
/usr/bin/cc   -msse -W -Wall  -DCHECK_FUNCTION_EXISTS=pthread_create   -o CMakeFiles/cmTryCompileExec733547492.dir/CheckFunctionExists.c.o   -c /usr/share/cmake-2.8/Modules/CheckFunctionExists.c
Linking C executable cmTryCompileExec733547492
/usr/bin/cmake -E cmake_link_script CMakeFiles/cmTryCompileExec733547492.dir/link.txt --verbose=1
/usr/bin/cc   -msse -W -Wall  -DCHECK_FUNCTION_EXISTS=pthread_create    CMakeFiles/cmTryCompileExec733547492.dir/CheckFunctionExists.c.o  -o cmTryCompileExec733547492 -rdynamic -lpthreads 
/usr/bin/ld: cannot find -lpthreads
collect2: error: ld returned 1 exit status
make[1]: *** [cmTryCompileExec733547492] Error 1
make[1]: Leaving directory `/home/saisrini/Downloads/allegro-5.0.10/build/CMakeFiles/CMakeTmp'
make: *** [cmTryCompileExec733547492/fast] Error 2


Determining if the include file X11/extensions/xf86vmode.h exists failed with the following output:
Change Dir: /home/saisrini/Downloads/allegro-5.0.10/build/CMakeFiles/CMakeTmp

Run Build Command:/usr/bin/make "cmTryCompileExec1432452199/fast"
/usr/bin/make -f CMakeFiles/cmTryCompileExec1432452199.dir/build.make CMakeFiles/cmTryCompileExec1432452199.dir/build
make[1]: Entering directory `/home/saisrini/Downloads/allegro-5.0.10/build/CMakeFiles/CMakeTmp'
/usr/bin/cmake -E cmake_progress_report /home/saisrini/Downloads/allegro-5.0.10/build/CMakeFiles/CMakeTmp/CMakeFiles 1
Building C object CMakeFiles/cmTryCompileExec1432452199.dir/CheckIncludeFile.c.o
/usr/bin/cc   -msse -W -Wall     -o CMakeFiles/cmTryCompileExec1432452199.dir/CheckIncludeFile.c.o   -c /home/saisrini/Downloads/allegro-5.0.10/build/CMakeFiles/CMakeTmp/CheckIncludeFile.c
In file included from /home/saisrini/Downloads/allegro-5.0.10/build/CMakeFiles/CMakeTmp/CheckIncludeFile.c:1:0:
/usr/include/X11/extensions/xf86vmode.h:127:5: error: unknown type name ‘Bool’
     Bool send_event;  /* true if this came from a SendEvent req */
     ^
/usr/include/X11/extensions/xf86vmode.h:128:5: error: unknown type name ‘Display’
     Display *display;  /* Display the event was read from */
     ^
/usr/include/X11/extensions/xf86vmode.h:129:5: error: unknown type name ‘Window’
     Window root;  /* root window of event screen */
     ^
/usr/include/X11/extensions/xf86vmode.h:132:5: error: unknown type name ‘Bool’
     Bool forced;  /* extents of new region */
     ^
/usr/include/X11/extensions/xf86vmode.h:133:5: error: unknown type name ‘Time’
     Time time;   /* event timestamp */
     ^
/usr/include/X11/extensions/xf86vmode.h:150:1: error: unknown type name ‘Bool’
 Bool XF86VidModeQueryVersion(
 ^
/usr/include/X11/extensions/xf86vmode.h:151:5: error: unknown type name ‘Display’
     Display*  /* dpy */,
     ^
/usr/include/X11/extensions/xf86vmode.h:156:1: error: unknown type name ‘Bool’
 Bool XF86VidModeQueryExtension(
 ^
/usr/include/X11/extensions/xf86vmode.h:157:5: error: unknown type name ‘Display’
     Display*  /* dpy */,
     ^
/usr/include/X11/extensions/xf86vmode.h:162:1: error: unknown type name ‘Bool’
 Bool XF86VidModeSetClientVersion(
 ^
/usr/include/X11/extensions/xf86vmode.h:163:5: error: unknown type name ‘Display’
     Display*  /* dpy */
     ^
/usr/include/X11/extensions/xf86vmode.h:166:1: error: unknown type name ‘Bool’
 Bool XF86VidModeGetModeLine(
 ^
/usr/include/X11/extensions/xf86vmode.h:167:5: error: unknown type name ‘Display’
     Display*   /* dpy */,
     ^
/usr/include/X11/extensions/xf86vmode.h:173:1: error: unknown type name ‘Bool’
 Bool XF86VidModeGetAllModeLines(
 ^
/usr/include/X11/extensions/xf86vmode.h:174:5: error: unknown type name ‘Display’
     Display*   /* dpy */,
     ^
/usr/include/X11/extensions/xf86vmode.h:180:1: error: unknown type name ‘Bool’
 Bool XF86VidModeAddModeLine(
 ^
/usr/include/X11/extensions/xf86vmode.h:181:5: error: unknown type name ‘Display’
     Display*   /* dpy */,
     ^
/usr/include/X11/extensions/xf86vmode.h:187:1: error: unknown type name ‘Bool’
 Bool XF86VidModeDeleteModeLine(
 ^
/usr/include/X11/extensions/xf86vmode.h:188:5: error: unknown type name ‘Display’
     Display*   /* dpy */,
     ^
/usr/include/X11/extensions/xf86vmode.h:193:1: error: unknown type name ‘Bool’
 Bool XF86VidModeModModeLine(
 ^
/usr/include/X11/extensions/xf86vmode.h:194:5: error: unknown type name ‘Display’
     Display*   /* dpy */,
     ^
/usr/include/X11/extensions/xf86vmode.h:199:1: error: unknown type name ‘Status’
 Status XF86VidModeValidateModeLine(
 ^
/usr/include/X11/extensions/xf86vmode.h:200:5: error: unknown type name ‘Display’
     Display*   /* dpy */,
     ^
/usr/include/X11/extensions/xf86vmode.h:205:1: error: unknown type name ‘Bool’
 Bool XF86VidModeSwitchMode(
 ^
/usr/include/X11/extensions/xf86vmode.h:206:5: error: unknown type name ‘Display’
     Display*  /* dpy */,
     ^
/usr/include/X11/extensions/xf86vmode.h:211:1: error: unknown type name ‘Bool’
 Bool XF86VidModeSwitchToMode(
 ^
/usr/include/X11/extensions/xf86vmode.h:212:5: error: unknown type name ‘Display’
     Display*   /* dpy */,
     ^
/usr/include/X11/extensions/xf86vmode.h:217:1: error: unknown type name ‘Bool’
 Bool XF86VidModeLockModeSwitch(
 ^
/usr/include/X11/extensions/xf86vmode.h:218:5: error: unknown type name ‘Display’
     Display*  /* dpy */,
     ^
/usr/include/X11/extensions/xf86vmode.h:223:1: error: unknown type name ‘Bool’
 Bool XF86VidModeGetMonitor(
 ^
/usr/include/X11/extensions/xf86vmode.h:224:5: error: unknown type name ‘Display’
     Display*  /* dpy */,
     ^
/usr/include/X11/extensions/xf86vmode.h:229:1: error: unknown type name ‘Bool’
 Bool XF86VidModeGetViewPort(
 ^
/usr/include/X11/extensions/xf86vmode.h:230:5: error: unknown type name ‘Display’
     Display*  /* dpy */,
     ^
/usr/include/X11/extensions/xf86vmode.h:236:1: error: unknown type name ‘Bool’
 Bool XF86VidModeSetViewPort(
 ^
/usr/include/X11/extensions/xf86vmode.h:237:5: error: unknown type name ‘Display’
     Display*  /* dpy */,
     ^
/usr/include/X11/extensions/xf86vmode.h:243:1: error: unknown type name ‘Bool’
 Bool XF86VidModeGetDotClocks(
 ^
/usr/include/X11/extensions/xf86vmode.h:244:5: error: unknown type name ‘Display’
     Display*  /* dpy */,
     ^
/usr/include/X11/extensions/xf86vmode.h:252:1: error: unknown type name ‘Bool’
 Bool XF86VidModeGetGamma(
 ^
/usr/include/X11/extensions/xf86vmode.h:253:5: error: unknown type name ‘Display’
     Display*   /* dpy */,
     ^
/usr/include/X11/extensions/xf86vmode.h:258:1: error: unknown type name ‘Bool’
 Bool XF86VidModeSetGamma(
 ^
/usr/include/X11/extensions/xf86vmode.h:259:5: error: unknown type name ‘Display’
     Display*   /* dpy */,
     ^
/usr/include/X11/extensions/xf86vmode.h:264:1: error: unknown type name ‘Bool’
 Bool XF86VidModeSetGammaRamp(
 ^
/usr/include/X11/extensions/xf86vmode.h:265:5: error: unknown type name ‘Display’
     Display*                    /* dpy */,
     ^
/usr/include/X11/extensions/xf86vmode.h:273:1: error: unknown type name ‘Bool’
 Bool XF86VidModeGetGammaRamp(
 ^
/usr/include/X11/extensions/xf86vmode.h:274:5: error: unknown type name ‘Display’
     Display*                    /* dpy */,
     ^
/usr/include/X11/extensions/xf86vmode.h:282:1: error: unknown type name ‘Bool’
 Bool XF86VidModeGetGammaRampSize(
 ^
/usr/include/X11/extensions/xf86vmode.h:283:5: error: unknown type name ‘Display’
     Display*                    /* dpy */,
     ^
/usr/include/X11/extensions/xf86vmode.h:288:1: error: unknown type name ‘Bool’
 Bool XF86VidModeGetPermissions(
 ^
/usr/include/X11/extensions/xf86vmode.h:289:5: error: unknown type name ‘Display’
     Display*                    /* dpy */,
     ^
make[1]: *** [CMakeFiles/cmTryCompileExec1432452199.dir/CheckIncludeFile.c.o] Error 1
make[1]: Leaving directory `/home/saisrini/Downloads/allegro-5.0.10/build/CMakeFiles/CMakeTmp'
make: *** [cmTryCompileExec1432452199/fast] Error 2


